The system is: Linux - 2.6.32-504.8.1.el6.x86_64 - x86_64
Compiling the C compiler identification source file "CMakeCCompilerId.c" succeeded.
Compiler: /opt/mpich/bin/mpicc 
Build flags: 
Id flags: 

The output was:
0


Compilation of the C compiler identification source "CMakeCCompilerId.c" produced "a.out"

The C compiler identification is Intel, found in "/md3220i/home/supery/working/yang/sky/par/parmetis-4.0.3/build/Linux-x86_64/CMakeFiles/2.8.12.2/CompilerIdC/a.out"

Compiling the CXX compiler identification source file "CMakeCXXCompilerId.cpp" succeeded.
Compiler: /opt/mpich/bin/mpicxx 
Build flags: 
Id flags: 

The output was:
0


Compilation of the CXX compiler identification source "CMakeCXXCompilerId.cpp" produced "a.out"

The CXX compiler identification is Intel, found in "/md3220i/home/supery/working/yang/sky/par/parmetis-4.0.3/build/Linux-x86_64/CMakeFiles/2.8.12.2/CompilerIdCXX/a.out"

Determining if the C compiler works passed with the following output:
Change Dir: /md3220i/home/supery/working/yang/sky/par/parmetis-4.0.3/build/Linux-x86_64/CMakeFiles/CMakeTmp

Run Build Command:/usr/bin/gmake "cmTryCompileExec386311637/fast"
gmake[1]: Entering directory `/md3220i/home/supery/working/yang/sky/par/parmetis-4.0.3/build/Linux-x86_64/CMakeFiles/CMakeTmp'
/usr/bin/gmake -f CMakeFiles/cmTryCompileExec386311637.dir/build.make CMakeFiles/cmTryCompileExec386311637.dir/build
gmake[2]: Entering directory `/md3220i/home/supery/working/yang/sky/par/parmetis-4.0.3/build/Linux-x86_64/CMakeFiles/CMakeTmp'
/usr/bin/cmake -E cmake_progress_report /md3220i/home/supery/working/yang/sky/par/parmetis-4.0.3/build/Linux-x86_64/CMakeFiles/CMakeTmp/CMakeFiles 1
Building C object CMakeFiles/cmTryCompileExec386311637.dir/testCCompiler.c.o
/opt/mpich/bin/mpicc    -o CMakeFiles/cmTryCompileExec386311637.dir/testCCompiler.c.o   -c /md3220i/home/supery/working/yang/sky/par/parmetis-4.0.3/build/Linux-x86_64/CMakeFiles/CMakeTmp/testCCompiler.c
Linking C executable cmTryCompileExec386311637
/usr/bin/cmake -E cmake_link_script CMakeFiles/cmTryCompileExec386311637.dir/link.txt --verbose=1
/opt/mpich/bin/mpicc       CMakeFiles/cmTryCompileExec386311637.dir/testCCompiler.c.o  -o cmTryCompileExec386311637 -rdynamic 
gmake[2]: Leaving directory `/md3220i/home/supery/working/yang/sky/par/parmetis-4.0.3/build/Linux-x86_64/CMakeFiles/CMakeTmp'
gmake[1]: Leaving directory `/md3220i/home/supery/working/yang/sky/par/parmetis-4.0.3/build/Linux-x86_64/CMakeFiles/CMakeTmp'


Detecting C compiler ABI info compiled with the following output:
Change Dir: /md3220i/home/supery/working/yang/sky/par/parmetis-4.0.3/build/Linux-x86_64/CMakeFiles/CMakeTmp

Run Build Command:/usr/bin/gmake "cmTryCompileExec2526670201/fast"
gmake[1]: Entering directory `/md3220i/home/supery/working/yang/sky/par/parmetis-4.0.3/build/Linux-x86_64/CMakeFiles/CMakeTmp'
/usr/bin/gmake -f CMakeFiles/cmTryCompileExec2526670201.dir/build.make CMakeFiles/cmTryCompileExec2526670201.dir/build
gmake[2]: Entering directory `/md3220i/home/supery/working/yang/sky/par/parmetis-4.0.3/build/Linux-x86_64/CMakeFiles/CMakeTmp'
/usr/bin/cmake -E cmake_progress_report /md3220i/home/supery/working/yang/sky/par/parmetis-4.0.3/build/Linux-x86_64/CMakeFiles/CMakeTmp/CMakeFiles 1
Building C object CMakeFiles/cmTryCompileExec2526670201.dir/CMakeCCompilerABI.c.o
/opt/mpich/bin/mpicc    -o CMakeFiles/cmTryCompileExec2526670201.dir/CMakeCCompilerABI.c.o   -c /usr/share/cmake/Modules/CMakeCCompilerABI.c
Linking C executable cmTryCompileExec2526670201
/usr/bin/cmake -E cmake_link_script CMakeFiles/cmTryCompileExec2526670201.dir/link.txt --verbose=1
/opt/mpich/bin/mpicc     -v CMakeFiles/cmTryCompileExec2526670201.dir/CMakeCCompilerABI.c.o  -o cmTryCompileExec2526670201 -rdynamic  
mpicc for MPICH version 3.1.3
Version 12.0.5
/opt/intel/composerxe-2011.5.220/bin/intel64/mcpcom    -mP1OPT_version=12.0-intel64 -mGLOB_diag_file=CMakeFiles/cmTryCompileExec2526670201.dir/CMakeCCompilerABI.c.diag -mP1OPT_print_version=FALSE -mCG_use_gas_got_workaround=F -mP2OPT_align_option_used=TRUE -mGLOB_gcc_version=447 "-mGLOB_options_string=-I/opt/mpich-3.1.3-m-i/include -mcmodel=medium -static-intel -v -o cmTryCompileExec2526670201 -rdynamic -L/opt/mpich-3.1.3-m-i/lib -Wl,-rpath -Wl,/opt/mpich-3.1.3-m-i/lib -Wl,--enable-new-dtags -lmpi" -mGLOB_cxx_limited_range=FALSE -mGLOB_as_output_backup_file_name=/tmp/iccLFu9lCas_.s -mSYMTAB_address_model=4 -mIPOPT_activate -mGLOB_machine_model=GLOB_MACHINE_MODEL_EFI2 -mGLOB_product_id_code=0x22001ef4 -mP3OPT_use_mspp_call_convention -mPGOPTI_value_profile_use=T -mP2OPT_il0_array_sections=TRUE -mP2OPT_hlo -mP2OPT_hpo_rtt_control=0 -mIPOPT_args_in_regs=0 -mGLOB_imf_mapping_library=/opt/intel/composerxe-2011.5.220/bin/intel64/libiml_attr.so -mIPOPT_link -mIPOPT_ipo_activate -mIPOPT_mo_activate -mIPOPT_source_files_list=/tmp/iccKXQbz1slis -mIPOPT_mo_global_data -mIPOPT_link_script_file=/tmp/iccllTIuyscript "-mIPOPT_link_version=2.20.51.0.2-5.42.el6 20100205" "-mIPOPT_cmdline_link="/usr/lib/gcc/x86_64-redhat-linux/4.4.7/../../../../lib64/crt1.o" "/usr/lib/gcc/x86_64-redhat-linux/4.4.7/../../../../lib64/crti.o" "/usr/lib/gcc/x86_64-redhat-linux/4.4.7/crtbegin.o" "-export-dynamic" "--eh-frame-hdr" "-dynamic-linker" "/lib64/ld-linux-x86-64.so.2" "-L/opt/mpich-3.1.3-m-i/lib" "-o" "cmTryCompileExec2526670201" "-L/opt/intel/composerxe-2011.5.220/compiler/lib/intel64" "-L/opt/intel/composerxe-2011.5.220/ipp/../compiler/lib/intel64" "-L/opt/intel/composerxe-2011.5.220/ipp/lib/intel64" "-L/opt/intel/composerxe-2011.5.220/compiler/lib/intel64" "-L/opt/intel/composerxe-2011.5.220/mkl/lib/intel64" "-L/opt/intel/composerxe-2011.5.220/tbb/lib/intel64//cc4.1.0_libc2.4_kernel2.6.16.21" "-L/opt/intel/Compiler/11.1/046/lib/intel64" "-L/opt/intel/Compiler/11.1/046/mkl/lib/em64t" "-L/opt/intel/composerxe-2011.5.220/compiler/lib/intel64" "-L/usr/lib/gcc/x86_64-redhat-linux/4.4.7" "-L/usr/lib/gcc/x86_64-redhat-linux/4.4.7/../../../../lib64" "-L/lib/../lib64" "-L/usr/lib/../lib64" "-L/opt/intel/composerxe-2011.5.220/compiler/lib/intel64" "-L/opt/intel/composerxe-2011.5.220/ipp/../compiler/lib/intel64" "-L/opt/intel/composerxe-2011.5.220/ipp/lib/intel64" "-L/opt/intel/composerxe-2011.5.220/mkl/lib/intel64" "-L/opt/intel/composerxe-2011.5.220/tbb/lib/intel64//cc4.1.0_libc2.4_kernel2.6.16.21" "-L/opt/intel/Compiler/11.1/046/lib/intel64" "-L/opt/intel/Compiler/11.1/046/mkl/lib/em64t" "-L/usr/lib/gcc/x86_64-redhat-linux/4.4.7/../../.." "-L/lib64" "-L/lib" "-L/usr/lib64" "-L/usr/lib" "CMakeFiles/cmTryCompileExec2526670201.dir/CMakeCCompilerABI.c.o" "-rpath" "/opt/mpich-3.1.3-m-i/lib" "--enable-new-dtags" "-lmpi" "-Bstatic" "-limf" "-lsvml" "-Bdynamic" "-lm" "-Bstatic" "-lipgo" "-ldecimal" "-Bdynamic" "-lgcc_s" "-lgcc" "-Bstatic" "-lirc" "-Bdynamic" "-lc" "-lgcc_s" "-lgcc" "-Bstatic" "-lirc_s" "-Bdynamic" "-ldl" "-lc" "/usr/lib/gcc/x86_64-redhat-linux/4.4.7/crtend.o" "/usr/lib/gcc/x86_64-redhat-linux/4.4.7/../../../../lib64/crtn.o"" -mIPOPT_il_in_obj -mIPOPT_ipo_activate_warn=FALSE -mIPOPT_obj_output_file_name=/tmp/ipo_iccZPt6ZP.o "-mGLOB_linker_version=2.20.51.0.2-5.42.el6 20100205" -mGLOB_long_size_64 -mGLOB_routine_pointer_size_64 -mP3OPT_asm_target=P3OPT_ASM_TARGET_GAS -mGLOB_obj_output_file=/tmp/ipo_iccZPt6ZP.o -mP1OPT_source_file_name=ipo_out.c CMakeFiles/cmTryCompileExec2526670201.dir/CMakeCCompilerABI.c.o -mIPOPT_object_files=/tmp/iccG4wBVmolis -mIPOPT_assembly_files=/tmp/iccmeK6QTalis -mIPOPT_generated_tempfiles=/tmp/icc6YBCMqelis -mIPOPT_embedded_object_base_name=/tmp/iccirz8HXeobj -mIPOPT_cmdline_link_new_name=/tmp/iccSiTEDullis
ld    /usr/lib/gcc/x86_64-redhat-linux/4.4.7/../../../../lib64/crt1.o /usr/lib/gcc/x86_64-redhat-linux/4.4.7/../../../../lib64/crti.o /usr/lib/gcc/x86_64-redhat-linux/4.4.7/crtbegin.o -export-dynamic --eh-frame-hdr -dynamic-linker /lib64/ld-linux-x86-64.so.2 -L/opt/mpich-3.1.3-m-i/lib -o cmTryCompileExec2526670201 -L/opt/intel/composerxe-2011.5.220/compiler/lib/intel64 -L/opt/intel/composerxe-2011.5.220/ipp/../compiler/lib/intel64 -L/opt/intel/composerxe-2011.5.220/ipp/lib/intel64 -L/opt/intel/composerxe-2011.5.220/compiler/lib/intel64 -L/opt/intel/composerxe-2011.5.220/mkl/lib/intel64 -L/opt/intel/composerxe-2011.5.220/tbb/lib/intel64//cc4.1.0_libc2.4_kernel2.6.16.21 -L/opt/intel/Compiler/11.1/046/lib/intel64 -L/opt/intel/Compiler/11.1/046/mkl/lib/em64t -L/opt/intel/composerxe-2011.5.220/compiler/lib/intel64 -L/usr/lib/gcc/x86_64-redhat-linux/4.4.7 -L/usr/lib/gcc/x86_64-redhat-linux/4.4.7/../../../../lib64 -L/lib/../lib64 -L/usr/lib/../lib64 -L/opt/intel/composerxe-2011.5.220/compiler/lib/intel64 -L/opt/intel/composerxe-2011.5.220/ipp/../compiler/lib/intel64 -L/opt/intel/composerxe-2011.5.220/ipp/lib/intel64 -L/opt/intel/composerxe-2011.5.220/mkl/lib/intel64 -L/opt/intel/composerxe-2011.5.220/tbb/lib/intel64//cc4.1.0_libc2.4_kernel2.6.16.21 -L/opt/intel/Compiler/11.1/046/lib/intel64 -L/opt/intel/Compiler/11.1/046/mkl/lib/em64t -L/usr/lib/gcc/x86_64-redhat-linux/4.4.7/../../.. -L/lib64 -L/lib -L/usr/lib64 -L/usr/lib CMakeFiles/cmTryCompileExec2526670201.dir/CMakeCCompilerABI.c.o -rpath /opt/mpich-3.1.3-m-i/lib --enable-new-dtags -lmpi -Bstatic -limf -lsvml -Bdynamic -lm -Bstatic -lipgo -ldecimal -Bdynamic -lgcc_s -lgcc -Bstatic -lirc -Bdynamic -lc -lgcc_s -lgcc -Bstatic -lirc_s -Bdynamic -ldl -lc /usr/lib/gcc/x86_64-redhat-linux/4.4.7/crtend.o /usr/lib/gcc/x86_64-redhat-linux/4.4.7/../../../../lib64/crtn.o
rm /tmp/iccoGwx9Llibgcc

rm /tmp/iccWfjC4ignudirs

rm /tmp/iccG4wBVmolis

rm /tmp/iccmeK6QTalis

rm /tmp/icc6YBCMqelis

rm /tmp/iccSiTEDullis

rm /tmp/iccKXQbz1slis

rm /tmp/iccllTIuyscript

rm /tmp/ipo_iccZPt6ZP.o

rm /tmp/iccstzgq5gas

rm /tmp/iccLFu9lCas_.s

rm /tmp/iccU1t3h9ldashv

rm /tmp/iccUKiqeGgnudirs

rm /tmp/iccBLXkcdarg

gmake[2]: Leaving directory `/md3220i/home/supery/working/yang/sky/par/parmetis-4.0.3/build/Linux-x86_64/CMakeFiles/CMakeTmp'
gmake[1]: Leaving directory `/md3220i/home/supery/working/yang/sky/par/parmetis-4.0.3/build/Linux-x86_64/CMakeFiles/CMakeTmp'


Parsed C implicit link information from above output:
  link line regex: [^( *|.*[/\])(ld|([^/\]+-)?ld|collect2)[^/\]*( |$)]
  ignore line: [Change Dir: /md3220i/home/supery/working/yang/sky/par/parmetis-4.0.3/build/Linux-x86_64/CMakeFiles/CMakeTmp]
  ignore line: []
  ignore line: [Run Build Command:/usr/bin/gmake "cmTryCompileExec2526670201/fast"]
  ignore line: [gmake[1]: Entering directory `/md3220i/home/supery/working/yang/sky/par/parmetis-4.0.3/build/Linux-x86_64/CMakeFiles/CMakeTmp']
  ignore line: [/usr/bin/gmake -f CMakeFiles/cmTryCompileExec2526670201.dir/build.make CMakeFiles/cmTryCompileExec2526670201.dir/build]
  ignore line: [gmake[2]: Entering directory `/md3220i/home/supery/working/yang/sky/par/parmetis-4.0.3/build/Linux-x86_64/CMakeFiles/CMakeTmp']
  ignore line: [/usr/bin/cmake -E cmake_progress_report /md3220i/home/supery/working/yang/sky/par/parmetis-4.0.3/build/Linux-x86_64/CMakeFiles/CMakeTmp/CMakeFiles 1]
  ignore line: [Building C object CMakeFiles/cmTryCompileExec2526670201.dir/CMakeCCompilerABI.c.o]
  ignore line: [/opt/mpich/bin/mpicc    -o CMakeFiles/cmTryCompileExec2526670201.dir/CMakeCCompilerABI.c.o   -c /usr/share/cmake/Modules/CMakeCCompilerABI.c]
  ignore line: [Linking C executable cmTryCompileExec2526670201]
  ignore line: [/usr/bin/cmake -E cmake_link_script CMakeFiles/cmTryCompileExec2526670201.dir/link.txt --verbose=1]
  ignore line: [/opt/mpich/bin/mpicc     -v CMakeFiles/cmTryCompileExec2526670201.dir/CMakeCCompilerABI.c.o  -o cmTryCompileExec2526670201 -rdynamic  ]
  ignore line: [mpicc for MPICH version 3.1.3]
  ignore line: [Version 12.0.5]
  ignore line: [/opt/intel/composerxe-2011.5.220/bin/intel64/mcpcom    -mP1OPT_version=12.0-intel64 -mGLOB_diag_file=CMakeFiles/cmTryCompileExec2526670201.dir/CMakeCCompilerABI.c.diag -mP1OPT_print_version=FALSE -mCG_use_gas_got_workaround=F -mP2OPT_align_option_used=TRUE -mGLOB_gcc_version=447 "-mGLOB_options_string=-I/opt/mpich-3.1.3-m-i/include -mcmodel=medium -static-intel -v -o cmTryCompileExec2526670201 -rdynamic -L/opt/mpich-3.1.3-m-i/lib -Wl,-rpath -Wl,/opt/mpich-3.1.3-m-i/lib -Wl,--enable-new-dtags -lmpi" -mGLOB_cxx_limited_range=FALSE -mGLOB_as_output_backup_file_name=/tmp/iccLFu9lCas_.s -mSYMTAB_address_model=4 -mIPOPT_activate -mGLOB_machine_model=GLOB_MACHINE_MODEL_EFI2 -mGLOB_product_id_code=0x22001ef4 -mP3OPT_use_mspp_call_convention -mPGOPTI_value_profile_use=T -mP2OPT_il0_array_sections=TRUE -mP2OPT_hlo -mP2OPT_hpo_rtt_control=0 -mIPOPT_args_in_regs=0 -mGLOB_imf_mapping_library=/opt/intel/composerxe-2011.5.220/bin/intel64/libiml_attr.so -mIPOPT_link -mIPOPT_ipo_activate -mIPOPT_mo_activate -mIPOPT_source_files_list=/tmp/iccKXQbz1slis -mIPOPT_mo_global_data -mIPOPT_link_script_file=/tmp/iccllTIuyscript "-mIPOPT_link_version=2.20.51.0.2-5.42.el6 20100205" "-mIPOPT_cmdline_link="/usr/lib/gcc/x86_64-redhat-linux/4.4.7/../../../../lib64/crt1.o" "/usr/lib/gcc/x86_64-redhat-linux/4.4.7/../../../../lib64/crti.o" "/usr/lib/gcc/x86_64-redhat-linux/4.4.7/crtbegin.o" "-export-dynamic" "--eh-frame-hdr" "-dynamic-linker" "/lib64/ld-linux-x86-64.so.2" "-L/opt/mpich-3.1.3-m-i/lib" "-o" "cmTryCompileExec2526670201" "-L/opt/intel/composerxe-2011.5.220/compiler/lib/intel64" "-L/opt/intel/composerxe-2011.5.220/ipp/../compiler/lib/intel64" "-L/opt/intel/composerxe-2011.5.220/ipp/lib/intel64" "-L/opt/intel/composerxe-2011.5.220/compiler/lib/intel64" "-L/opt/intel/composerxe-2011.5.220/mkl/lib/intel64" "-L/opt/intel/composerxe-2011.5.220/tbb/lib/intel64//cc4.1.0_libc2.4_kernel2.6.16.21" "-L/opt/intel/Compiler/11.1/046/lib/intel64" "-L/opt/intel/Compiler/11.1/046/mkl/lib/em64t" "-L/opt/intel/composerxe-2011.5.220/compiler/lib/intel64" "-L/usr/lib/gcc/x86_64-redhat-linux/4.4.7" "-L/usr/lib/gcc/x86_64-redhat-linux/4.4.7/../../../../lib64" "-L/lib/../lib64" "-L/usr/lib/../lib64" "-L/opt/intel/composerxe-2011.5.220/compiler/lib/intel64" "-L/opt/intel/composerxe-2011.5.220/ipp/../compiler/lib/intel64" "-L/opt/intel/composerxe-2011.5.220/ipp/lib/intel64" "-L/opt/intel/composerxe-2011.5.220/mkl/lib/intel64" "-L/opt/intel/composerxe-2011.5.220/tbb/lib/intel64//cc4.1.0_libc2.4_kernel2.6.16.21" "-L/opt/intel/Compiler/11.1/046/lib/intel64" "-L/opt/intel/Compiler/11.1/046/mkl/lib/em64t" "-L/usr/lib/gcc/x86_64-redhat-linux/4.4.7/../../.." "-L/lib64" "-L/lib" "-L/usr/lib64" "-L/usr/lib" "CMakeFiles/cmTryCompileExec2526670201.dir/CMakeCCompilerABI.c.o" "-rpath" "/opt/mpich-3.1.3-m-i/lib" "--enable-new-dtags" "-lmpi" "-Bstatic" "-limf" "-lsvml" "-Bdynamic" "-lm" "-Bstatic" "-lipgo" "-ldecimal" "-Bdynamic" "-lgcc_s" "-lgcc" "-Bstatic" "-lirc" "-Bdynamic" "-lc" "-lgcc_s" "-lgcc" "-Bstatic" "-lirc_s" "-Bdynamic" "-ldl" "-lc" "/usr/lib/gcc/x86_64-redhat-linux/4.4.7/crtend.o" "/usr/lib/gcc/x86_64-redhat-linux/4.4.7/../../../../lib64/crtn.o"" -mIPOPT_il_in_obj -mIPOPT_ipo_activate_warn=FALSE -mIPOPT_obj_output_file_name=/tmp/ipo_iccZPt6ZP.o "-mGLOB_linker_version=2.20.51.0.2-5.42.el6 20100205" -mGLOB_long_size_64 -mGLOB_routine_pointer_size_64 -mP3OPT_asm_target=P3OPT_ASM_TARGET_GAS -mGLOB_obj_output_file=/tmp/ipo_iccZPt6ZP.o -mP1OPT_source_file_name=ipo_out.c CMakeFiles/cmTryCompileExec2526670201.dir/CMakeCCompilerABI.c.o -mIPOPT_object_files=/tmp/iccG4wBVmolis -mIPOPT_assembly_files=/tmp/iccmeK6QTalis -mIPOPT_generated_tempfiles=/tmp/icc6YBCMqelis -mIPOPT_embedded_object_base_name=/tmp/iccirz8HXeobj -mIPOPT_cmdline_link_new_name=/tmp/iccSiTEDullis]
  link line: [ld    /usr/lib/gcc/x86_64-redhat-linux/4.4.7/../../../../lib64/crt1.o /usr/lib/gcc/x86_64-redhat-linux/4.4.7/../../../../lib64/crti.o /usr/lib/gcc/x86_64-redhat-linux/4.4.7/crtbegin.o -export-dynamic --eh-frame-hdr -dynamic-linker /lib64/ld-linux-x86-64.so.2 -L/opt/mpich-3.1.3-m-i/lib -o cmTryCompileExec2526670201 -L/opt/intel/composerxe-2011.5.220/compiler/lib/intel64 -L/opt/intel/composerxe-2011.5.220/ipp/../compiler/lib/intel64 -L/opt/intel/composerxe-2011.5.220/ipp/lib/intel64 -L/opt/intel/composerxe-2011.5.220/compiler/lib/intel64 -L/opt/intel/composerxe-2011.5.220/mkl/lib/intel64 -L/opt/intel/composerxe-2011.5.220/tbb/lib/intel64//cc4.1.0_libc2.4_kernel2.6.16.21 -L/opt/intel/Compiler/11.1/046/lib/intel64 -L/opt/intel/Compiler/11.1/046/mkl/lib/em64t -L/opt/intel/composerxe-2011.5.220/compiler/lib/intel64 -L/usr/lib/gcc/x86_64-redhat-linux/4.4.7 -L/usr/lib/gcc/x86_64-redhat-linux/4.4.7/../../../../lib64 -L/lib/../lib64 -L/usr/lib/../lib64 -L/opt/intel/composerxe-2011.5.220/compiler/lib/intel64 -L/opt/intel/composerxe-2011.5.220/ipp/../compiler/lib/intel64 -L/opt/intel/composerxe-2011.5.220/ipp/lib/intel64 -L/opt/intel/composerxe-2011.5.220/mkl/lib/intel64 -L/opt/intel/composerxe-2011.5.220/tbb/lib/intel64//cc4.1.0_libc2.4_kernel2.6.16.21 -L/opt/intel/Compiler/11.1/046/lib/intel64 -L/opt/intel/Compiler/11.1/046/mkl/lib/em64t -L/usr/lib/gcc/x86_64-redhat-linux/4.4.7/../../.. -L/lib64 -L/lib -L/usr/lib64 -L/usr/lib CMakeFiles/cmTryCompileExec2526670201.dir/CMakeCCompilerABI.c.o -rpath /opt/mpich-3.1.3-m-i/lib --enable-new-dtags -lmpi -Bstatic -limf -lsvml -Bdynamic -lm -Bstatic -lipgo -ldecimal -Bdynamic -lgcc_s -lgcc -Bstatic -lirc -Bdynamic -lc -lgcc_s -lgcc -Bstatic -lirc_s -Bdynamic -ldl -lc /usr/lib/gcc/x86_64-redhat-linux/4.4.7/crtend.o /usr/lib/gcc/x86_64-redhat-linux/4.4.7/../../../../lib64/crtn.o]
    arg [ld] ==> ignore
    arg [/usr/lib/gcc/x86_64-redhat-linux/4.4.7/../../../../lib64/crt1.o] ==> ignore
    arg [/usr/lib/gcc/x86_64-redhat-linux/4.4.7/../../../../lib64/crti.o] ==> ignore
    arg [/usr/lib/gcc/x86_64-redhat-linux/4.4.7/crtbegin.o] ==> ignore
    arg [-export-dynamic] ==> ignore
    arg [--eh-frame-hdr] ==> ignore
    arg [-dynamic-linker] ==> ignore
    arg [/lib64/ld-linux-x86-64.so.2] ==> ignore
    arg [-L/opt/mpich-3.1.3-m-i/lib] ==> dir [/opt/mpich-3.1.3-m-i/lib]
    arg [-o] ==> ignore
    arg [cmTryCompileExec2526670201] ==> ignore
    arg [-L/opt/intel/composerxe-2011.5.220/compiler/lib/intel64] ==> dir [/opt/intel/composerxe-2011.5.220/compiler/lib/intel64]
    arg [-L/opt/intel/composerxe-2011.5.220/ipp/../compiler/lib/intel64] ==> dir [/opt/intel/composerxe-2011.5.220/ipp/../compiler/lib/intel64]
    arg [-L/opt/intel/composerxe-2011.5.220/ipp/lib/intel64] ==> dir [/opt/intel/composerxe-2011.5.220/ipp/lib/intel64]
    arg [-L/opt/intel/composerxe-2011.5.220/compiler/lib/intel64] ==> dir [/opt/intel/composerxe-2011.5.220/compiler/lib/intel64]
    arg [-L/opt/intel/composerxe-2011.5.220/mkl/lib/intel64] ==> dir [/opt/intel/composerxe-2011.5.220/mkl/lib/intel64]
    arg [-L/opt/intel/composerxe-2011.5.220/tbb/lib/intel64//cc4.1.0_libc2.4_kernel2.6.16.21] ==> dir [/opt/intel/composerxe-2011.5.220/tbb/lib/intel64//cc4.1.0_libc2.4_kernel2.6.16.21]
    arg [-L/opt/intel/Compiler/11.1/046/lib/intel64] ==> dir [/opt/intel/Compiler/11.1/046/lib/intel64]
    arg [-L/opt/intel/Compiler/11.1/046/mkl/lib/em64t] ==> dir [/opt/intel/Compiler/11.1/046/mkl/lib/em64t]
    arg [-L/opt/intel/composerxe-2011.5.220/compiler/lib/intel64] ==> dir [/opt/intel/composerxe-2011.5.220/compiler/lib/intel64]
    arg [-L/usr/lib/gcc/x86_64-redhat-linux/4.4.7] ==> dir [/usr/lib/gcc/x86_64-redhat-linux/4.4.7]
    arg [-L/usr/lib/gcc/x86_64-redhat-linux/4.4.7/../../../../lib64] ==> dir [/usr/lib/gcc/x86_64-redhat-linux/4.4.7/../../../../lib64]
    arg [-L/lib/../lib64] ==> dir [/lib/../lib64]
    arg [-L/usr/lib/../lib64] ==> dir [/usr/lib/../lib64]
    arg [-L/opt/intel/composerxe-2011.5.220/compiler/lib/intel64] ==> dir [/opt/intel/composerxe-2011.5.220/compiler/lib/intel64]
    arg [-L/opt/intel/composerxe-2011.5.220/ipp/../compiler/lib/intel64] ==> dir [/opt/intel/composerxe-2011.5.220/ipp/../compiler/lib/intel64]
    arg [-L/opt/intel/composerxe-2011.5.220/ipp/lib/intel64] ==> dir [/opt/intel/composerxe-2011.5.220/ipp/lib/intel64]
    arg [-L/opt/intel/composerxe-2011.5.220/mkl/lib/intel64] ==> dir [/opt/intel/composerxe-2011.5.220/mkl/lib/intel64]
    arg [-L/opt/intel/composerxe-2011.5.220/tbb/lib/intel64//cc4.1.0_libc2.4_kernel2.6.16.21] ==> dir [/opt/intel/composerxe-2011.5.220/tbb/lib/intel64//cc4.1.0_libc2.4_kernel2.6.16.21]
    arg [-L/opt/intel/Compiler/11.1/046/lib/intel64] ==> dir [/opt/intel/Compiler/11.1/046/lib/intel64]
    arg [-L/opt/intel/Compiler/11.1/046/mkl/lib/em64t] ==> dir [/opt/intel/Compiler/11.1/046/mkl/lib/em64t]
    arg [-L/usr/lib/gcc/x86_64-redhat-linux/4.4.7/../../..] ==> dir [/usr/lib/gcc/x86_64-redhat-linux/4.4.7/../../..]
    arg [-L/lib64] ==> dir [/lib64]
    arg [-L/lib] ==> dir [/lib]
    arg [-L/usr/lib64] ==> dir [/usr/lib64]
    arg [-L/usr/lib] ==> dir [/usr/lib]
    arg [CMakeFiles/cmTryCompileExec2526670201.dir/CMakeCCompilerABI.c.o] ==> ignore
    arg [-rpath] ==> ignore
    arg [/opt/mpich-3.1.3-m-i/lib] ==> ignore
    arg [--enable-new-dtags] ==> ignore
    arg [-lmpi] ==> lib [mpi]
    arg [-Bstatic] ==> ignore
    arg [-limf] ==> lib [imf]
    arg [-lsvml] ==> lib [svml]
    arg [-Bdynamic] ==> ignore
    arg [-lm] ==> lib [m]
    arg [-Bstatic] ==> ignore
    arg [-lipgo] ==> lib [ipgo]
    arg [-ldecimal] ==> lib [decimal]
    arg [-Bdynamic] ==> ignore
    arg [-lgcc_s] ==> lib [gcc_s]
    arg [-lgcc] ==> lib [gcc]
    arg [-Bstatic] ==> ignore
    arg [-lirc] ==> lib [irc]
    arg [-Bdynamic] ==> ignore
    arg [-lc] ==> lib [c]
    arg [-lgcc_s] ==> lib [gcc_s]
    arg [-lgcc] ==> lib [gcc]
    arg [-Bstatic] ==> ignore
    arg [-lirc_s] ==> lib [irc_s]
    arg [-Bdynamic] ==> ignore
    arg [-ldl] ==> lib [dl]
    arg [-lc] ==> lib [c]
    arg [/usr/lib/gcc/x86_64-redhat-linux/4.4.7/crtend.o] ==> ignore
    arg [/usr/lib/gcc/x86_64-redhat-linux/4.4.7/../../../../lib64/crtn.o] ==> ignore
  remove lib [gcc_s]
  remove lib [gcc]
  remove lib [gcc_s]
  remove lib [gcc]
  collapse library dir [/opt/mpich-3.1.3-m-i/lib] ==> [/opt/mpich-3.1.3-m-i/lib]
  collapse library dir [/opt/intel/composerxe-2011.5.220/compiler/lib/intel64] ==> [/opt/intel/composerxe-2011.5.220/compiler/lib/intel64]
  collapse library dir [/opt/intel/composerxe-2011.5.220/ipp/../compiler/lib/intel64] ==> [/opt/intel/composerxe-2011.5.220/compiler/lib/intel64]
  collapse library dir [/opt/intel/composerxe-2011.5.220/ipp/lib/intel64] ==> [/opt/intel/composerxe-2011.5.220/ipp/lib/intel64]
  collapse library dir [/opt/intel/composerxe-2011.5.220/compiler/lib/intel64] ==> [/opt/intel/composerxe-2011.5.220/compiler/lib/intel64]
  collapse library dir [/opt/intel/composerxe-2011.5.220/mkl/lib/intel64] ==> [/opt/intel/composerxe-2011.5.220/mkl/lib/intel64]
  collapse library dir [/opt/intel/composerxe-2011.5.220/tbb/lib/intel64//cc4.1.0_libc2.4_kernel2.6.16.21] ==> [/opt/intel/composerxe-2011.5.220/tbb/lib/intel64/cc4.1.0_libc2.4_kernel2.6.16.21]
  collapse library dir [/opt/intel/Compiler/11.1/046/lib/intel64] ==> [/opt/intel/Compiler/11.1/046/lib/intel64]
  collapse library dir [/opt/intel/Compiler/11.1/046/mkl/lib/em64t] ==> [/opt/intel/Compiler/11.1/046/mkl/lib/em64t]
  collapse library dir [/opt/intel/composerxe-2011.5.220/compiler/lib/intel64] ==> [/opt/intel/composerxe-2011.5.220/compiler/lib/intel64]
  collapse library dir [/usr/lib/gcc/x86_64-redhat-linux/4.4.7] ==> [/usr/lib/gcc/x86_64-redhat-linux/4.4.7]
  collapse library dir [/usr/lib/gcc/x86_64-redhat-linux/4.4.7/../../../../lib64] ==> [/usr/lib64]
  collapse library dir [/lib/../lib64] ==> [/lib64]
  collapse library dir [/usr/lib/../lib64] ==> [/usr/lib64]
  collapse library dir [/opt/intel/composerxe-2011.5.220/compiler/lib/intel64] ==> [/opt/intel/composerxe-2011.5.220/compiler/lib/intel64]
  collapse library dir [/opt/intel/composerxe-2011.5.220/ipp/../compiler/lib/intel64] ==> [/opt/intel/composerxe-2011.5.220/compiler/lib/intel64]
  collapse library dir [/opt/intel/composerxe-2011.5.220/ipp/lib/intel64] ==> [/opt/intel/composerxe-2011.5.220/ipp/lib/intel64]
  collapse library dir [/opt/intel/composerxe-2011.5.220/mkl/lib/intel64] ==> [/opt/intel/composerxe-2011.5.220/mkl/lib/intel64]
  collapse library dir [/opt/intel/composerxe-2011.5.220/tbb/lib/intel64//cc4.1.0_libc2.4_kernel2.6.16.21] ==> [/opt/intel/composerxe-2011.5.220/tbb/lib/intel64/cc4.1.0_libc2.4_kernel2.6.16.21]
  collapse library dir [/opt/intel/Compiler/11.1/046/lib/intel64] ==> [/opt/intel/Compiler/11.1/046/lib/intel64]
  collapse library dir [/opt/intel/Compiler/11.1/046/mkl/lib/em64t] ==> [/opt/intel/Compiler/11.1/046/mkl/lib/em64t]
  collapse library dir [/usr/lib/gcc/x86_64-redhat-linux/4.4.7/../../..] ==> [/usr/lib]
  collapse library dir [/lib64] ==> [/lib64]
  collapse library dir [/lib] ==> [/lib]
  collapse library dir [/usr/lib64] ==> [/usr/lib64]
  collapse library dir [/usr/lib] ==> [/usr/lib]
  implicit libs: [mpi;imf;svml;m;ipgo;decimal;irc;c;irc_s;dl;c]
  implicit dirs: [/opt/mpich-3.1.3-m-i/lib;/opt/intel/composerxe-2011.5.220/compiler/lib/intel64;/opt/intel/composerxe-2011.5.220/ipp/lib/intel64;/opt/intel/composerxe-2011.5.220/mkl/lib/intel64;/opt/intel/composerxe-2011.5.220/tbb/lib/intel64/cc4.1.0_libc2.4_kernel2.6.16.21;/opt/intel/Compiler/11.1/046/lib/intel64;/opt/intel/Compiler/11.1/046/mkl/lib/em64t;/usr/lib/gcc/x86_64-redhat-linux/4.4.7;/usr/lib64;/lib64;/usr/lib;/lib]
  implicit fwks: []


Determining if the CXX compiler works passed with the following output:
Change Dir: /md3220i/home/supery/working/yang/sky/par/parmetis-4.0.3/build/Linux-x86_64/CMakeFiles/CMakeTmp

Run Build Command:/usr/bin/gmake "cmTryCompileExec2836633157/fast"
gmake[1]: Entering directory `/md3220i/home/supery/working/yang/sky/par/parmetis-4.0.3/build/Linux-x86_64/CMakeFiles/CMakeTmp'
/usr/bin/gmake -f CMakeFiles/cmTryCompileExec2836633157.dir/build.make CMakeFiles/cmTryCompileExec2836633157.dir/build
gmake[2]: Entering directory `/md3220i/home/supery/working/yang/sky/par/parmetis-4.0.3/build/Linux-x86_64/CMakeFiles/CMakeTmp'
/usr/bin/cmake -E cmake_progress_report /md3220i/home/supery/working/yang/sky/par/parmetis-4.0.3/build/Linux-x86_64/CMakeFiles/CMakeTmp/CMakeFiles 1
Building CXX object CMakeFiles/cmTryCompileExec2836633157.dir/testCXXCompiler.cxx.o
/opt/mpich/bin/mpicxx     -o CMakeFiles/cmTryCompileExec2836633157.dir/testCXXCompiler.cxx.o -c /md3220i/home/supery/working/yang/sky/par/parmetis-4.0.3/build/Linux-x86_64/CMakeFiles/CMakeTmp/testCXXCompiler.cxx
Linking CXX executable cmTryCompileExec2836633157
/usr/bin/cmake -E cmake_link_script CMakeFiles/cmTryCompileExec2836633157.dir/link.txt --verbose=1
/opt/mpich/bin/mpicxx        CMakeFiles/cmTryCompileExec2836633157.dir/testCXXCompiler.cxx.o  -o cmTryCompileExec2836633157 -rdynamic 
gmake[2]: Leaving directory `/md3220i/home/supery/working/yang/sky/par/parmetis-4.0.3/build/Linux-x86_64/CMakeFiles/CMakeTmp'
gmake[1]: Leaving directory `/md3220i/home/supery/working/yang/sky/par/parmetis-4.0.3/build/Linux-x86_64/CMakeFiles/CMakeTmp'


Detecting CXX compiler ABI info compiled with the following output:
Change Dir: /md3220i/home/supery/working/yang/sky/par/parmetis-4.0.3/build/Linux-x86_64/CMakeFiles/CMakeTmp

Run Build Command:/usr/bin/gmake "cmTryCompileExec3886822876/fast"
gmake[1]: Entering directory `/md3220i/home/supery/working/yang/sky/par/parmetis-4.0.3/build/Linux-x86_64/CMakeFiles/CMakeTmp'
/usr/bin/gmake -f CMakeFiles/cmTryCompileExec3886822876.dir/build.make CMakeFiles/cmTryCompileExec3886822876.dir/build
gmake[2]: Entering directory `/md3220i/home/supery/working/yang/sky/par/parmetis-4.0.3/build/Linux-x86_64/CMakeFiles/CMakeTmp'
/usr/bin/cmake -E cmake_progress_report /md3220i/home/supery/working/yang/sky/par/parmetis-4.0.3/build/Linux-x86_64/CMakeFiles/CMakeTmp/CMakeFiles 1
Building CXX object CMakeFiles/cmTryCompileExec3886822876.dir/CMakeCXXCompilerABI.cpp.o
/opt/mpich/bin/mpicxx     -o CMakeFiles/cmTryCompileExec3886822876.dir/CMakeCXXCompilerABI.cpp.o -c /usr/share/cmake/Modules/CMakeCXXCompilerABI.cpp
Linking CXX executable cmTryCompileExec3886822876
/usr/bin/cmake -E cmake_link_script CMakeFiles/cmTryCompileExec3886822876.dir/link.txt --verbose=1
/opt/mpich/bin/mpicxx      -v CMakeFiles/cmTryCompileExec3886822876.dir/CMakeCXXCompilerABI.cpp.o  -o cmTryCompileExec3886822876 -rdynamic  
mpicxx for MPICH version 3.1.3
Version 12.0.5
/opt/intel/composerxe-2011.5.220/bin/intel64/mcpcom    -mP1OPT_version=12.0-intel64 -mGLOB_diag_file=CMakeFiles/cmTryCompileExec3886822876.dir/CMakeCXXCompilerABI.cpp.diag -mP1OPT_print_version=FALSE -mCG_use_gas_got_workaround=F -mP2OPT_align_option_used=TRUE -mGLOB_gcc_version=447 "-mGLOB_options_string=-I/opt/mpich-3.1.3-m-i/include -mcmodel=medium -static-intel -v -o cmTryCompileExec3886822876 -rdynamic -L/opt/mpich-3.1.3-m-i/lib -lmpicxx -Wl,-rpath -Wl,/opt/mpich-3.1.3-m-i/lib -Wl,--enable-new-dtags -lmpi" -mGLOB_cxx_limited_range=FALSE -mGLOB_as_output_backup_file_name=/tmp/icpcFFkakDas_.s -mSYMTAB_address_model=4 -mIPOPT_activate -mGLOB_machine_model=GLOB_MACHINE_MODEL_EFI2 -mGLOB_product_id_code=0x22001ef1 -mP3OPT_use_mspp_call_convention -mPGOPTI_value_profile_use=T -mP2OPT_il0_array_sections=TRUE -mP2OPT_hlo -mP2OPT_hpo_rtt_control=0 -mIPOPT_args_in_regs=0 -mGLOB_imf_mapping_library=/opt/intel/composerxe-2011.5.220/bin/intel64/libiml_attr.so -mIPOPT_link -mIPOPT_ipo_activate -mIPOPT_mo_activate -mIPOPT_source_files_list=/tmp/icpcwp76aXslis -mIPOPT_mo_global_data -mIPOPT_link_script_file=/tmp/icpc6UmlTvscript "-mIPOPT_link_version=2.20.51.0.2-5.42.el6 20100205" "-mIPOPT_cmdline_link="/usr/lib/gcc/x86_64-redhat-linux/4.4.7/../../../../lib64/crt1.o" "/usr/lib/gcc/x86_64-redhat-linux/4.4.7/../../../../lib64/crti.o" "/usr/lib/gcc/x86_64-redhat-linux/4.4.7/crtbegin.o" "-export-dynamic" "--eh-frame-hdr" "-dynamic-linker" "/lib64/ld-linux-x86-64.so.2" "-L/opt/mpich-3.1.3-m-i/lib" "-o" "cmTryCompileExec3886822876" "-L/opt/intel/composerxe-2011.5.220/compiler/lib/intel64" "-L/opt/intel/composerxe-2011.5.220/ipp/../compiler/lib/intel64" "-L/opt/intel/composerxe-2011.5.220/ipp/lib/intel64" "-L/opt/intel/composerxe-2011.5.220/compiler/lib/intel64" "-L/opt/intel/composerxe-2011.5.220/mkl/lib/intel64" "-L/opt/intel/composerxe-2011.5.220/tbb/lib/intel64//cc4.1.0_libc2.4_kernel2.6.16.21" "-L/opt/intel/Compiler/11.1/046/lib/intel64" "-L/opt/intel/Compiler/11.1/046/mkl/lib/em64t" "-L/opt/intel/composerxe-2011.5.220/compiler/lib/intel64" "-L/usr/lib/gcc/x86_64-redhat-linux/4.4.7" "-L/usr/lib/gcc/x86_64-redhat-linux/4.4.7/../../../../lib64" "-L/lib/../lib64" "-L/usr/lib/../lib64" "-L/opt/intel/composerxe-2011.5.220/compiler/lib/intel64" "-L/opt/intel/composerxe-2011.5.220/ipp/../compiler/lib/intel64" "-L/opt/intel/composerxe-2011.5.220/ipp/lib/intel64" "-L/opt/intel/composerxe-2011.5.220/mkl/lib/intel64" "-L/opt/intel/composerxe-2011.5.220/tbb/lib/intel64//cc4.1.0_libc2.4_kernel2.6.16.21" "-L/opt/intel/Compiler/11.1/046/lib/intel64" "-L/opt/intel/Compiler/11.1/046/mkl/lib/em64t" "-L/usr/lib/gcc/x86_64-redhat-linux/4.4.7/../../.." "-L/lib64" "-L/lib" "-L/usr/lib64" "-L/usr/lib" "CMakeFiles/cmTryCompileExec3886822876.dir/CMakeCXXCompilerABI.cpp.o" "-lmpicxx" "-rpath" "/opt/mpich-3.1.3-m-i/lib" "--enable-new-dtags" "-lmpi" "-Bstatic" "-limf" "-lsvml" "-Bdynamic" "-lm" "-Bstatic" "-lipgo" "-ldecimal" "-Bdynamic" "-lstdc++" "-lgcc_s" "-lgcc" "-Bstatic" "-lirc" "-Bdynamic" "-lc" "-lgcc_s" "-lgcc" "-Bstatic" "-lirc_s" "-Bdynamic" "-ldl" "-lc" "/usr/lib/gcc/x86_64-redhat-linux/4.4.7/crtend.o" "/usr/lib/gcc/x86_64-redhat-linux/4.4.7/../../../../lib64/crtn.o"" -mIPOPT_il_in_obj -mIPOPT_ipo_activate_warn=FALSE -mIPOPT_obj_output_file_name=/tmp/ipo_icpcXSHSTA.o "-mGLOB_linker_version=2.20.51.0.2-5.42.el6 20100205" -mGLOB_long_size_64 -mGLOB_routine_pointer_size_64 -mP3OPT_asm_target=P3OPT_ASM_TARGET_GAS -mGLOB_obj_output_file=/tmp/ipo_icpcXSHSTA.o -mP1OPT_source_file_name=ipo_out.c CMakeFiles/cmTryCompileExec3886822876.dir/CMakeCXXCompilerABI.cpp.o -mIPOPT_object_files=/tmp/icpc3cl4B9olis -mIPOPT_assembly_files=/tmp/icpc8IHgkIalis -mIPOPT_generated_tempfiles=/tmp/icpclYat2gelis -mIPOPT_embedded_object_base_name=/tmp/icpc7NhGKPeobj -mIPOPT_cmdline_link_new_name=/tmp/icpcv2vTsollis
ld    /usr/lib/gcc/x86_64-redhat-linux/4.4.7/../../../../lib64/crt1.o /usr/lib/gcc/x86_64-redhat-linux/4.4.7/../../../../lib64/crti.o /usr/lib/gcc/x86_64-redhat-linux/4.4.7/crtbegin.o -export-dynamic --eh-frame-hdr -dynamic-linker /lib64/ld-linux-x86-64.so.2 -L/opt/mpich-3.1.3-m-i/lib -o cmTryCompileExec3886822876 -L/opt/intel/composerxe-2011.5.220/compiler/lib/intel64 -L/opt/intel/composerxe-2011.5.220/ipp/../compiler/lib/intel64 -L/opt/intel/composerxe-2011.5.220/ipp/lib/intel64 -L/opt/intel/composerxe-2011.5.220/compiler/lib/intel64 -L/opt/intel/composerxe-2011.5.220/mkl/lib/intel64 -L/opt/intel/composerxe-2011.5.220/tbb/lib/intel64//cc4.1.0_libc2.4_kernel2.6.16.21 -L/opt/intel/Compiler/11.1/046/lib/intel64 -L/opt/intel/Compiler/11.1/046/mkl/lib/em64t -L/opt/intel/composerxe-2011.5.220/compiler/lib/intel64 -L/usr/lib/gcc/x86_64-redhat-linux/4.4.7 -L/usr/lib/gcc/x86_64-redhat-linux/4.4.7/../../../../lib64 -L/lib/../lib64 -L/usr/lib/../lib64 -L/opt/intel/composerxe-2011.5.220/compiler/lib/intel64 -L/opt/intel/composerxe-2011.5.220/ipp/../compiler/lib/intel64 -L/opt/intel/composerxe-2011.5.220/ipp/lib/intel64 -L/opt/intel/composerxe-2011.5.220/mkl/lib/intel64 -L/opt/intel/composerxe-2011.5.220/tbb/lib/intel64//cc4.1.0_libc2.4_kernel2.6.16.21 -L/opt/intel/Compiler/11.1/046/lib/intel64 -L/opt/intel/Compiler/11.1/046/mkl/lib/em64t -L/usr/lib/gcc/x86_64-redhat-linux/4.4.7/../../.. -L/lib64 -L/lib -L/usr/lib64 -L/usr/lib CMakeFiles/cmTryCompileExec3886822876.dir/CMakeCXXCompilerABI.cpp.o -lmpicxx -rpath /opt/mpich-3.1.3-m-i/lib --enable-new-dtags -lmpi -Bstatic -limf -lsvml -Bdynamic -lm -Bstatic -lipgo -ldecimal -Bdynamic -lstdc++ -lgcc_s -lgcc -Bstatic -lirc -Bdynamic -lc -lgcc_s -lgcc -Bstatic -lirc_s -Bdynamic -ldl -lc /usr/lib/gcc/x86_64-redhat-linux/4.4.7/crtend.o /usr/lib/gcc/x86_64-redhat-linux/4.4.7/../../../../lib64/crtn.o
rm /tmp/icpctMhXttlibgcc

rm /tmp/icpcmGXHb2gnudirs

rm /tmp/icpc3cl4B9olis

rm /tmp/icpc8IHgkIalis

rm /tmp/icpclYat2gelis

rm /tmp/icpcv2vTsollis

rm /tmp/icpcwp76aXslis

rm /tmp/icpc6UmlTvscript

rm /tmp/ipo_icpcXSHSTA.o

rm /tmp/icpcMVcAB4gas

rm /tmp/icpcFFkakDas_.s

rm /tmp/icpcXmSL2bldashv

rm /tmp/icpcYw6QLKgnudirs

rm /tmp/icpcYkszwjarg

gmake[2]: Leaving directory `/md3220i/home/supery/working/yang/sky/par/parmetis-4.0.3/build/Linux-x86_64/CMakeFiles/CMakeTmp'
gmake[1]: Leaving directory `/md3220i/home/supery/working/yang/sky/par/parmetis-4.0.3/build/Linux-x86_64/CMakeFiles/CMakeTmp'


Parsed CXX implicit link information from above output:
  link line regex: [^( *|.*[/\])(ld|([^/\]+-)?ld|collect2)[^/\]*( |$)]
  ignore line: [Change Dir: /md3220i/home/supery/working/yang/sky/par/parmetis-4.0.3/build/Linux-x86_64/CMakeFiles/CMakeTmp]
  ignore line: []
  ignore line: [Run Build Command:/usr/bin/gmake "cmTryCompileExec3886822876/fast"]
  ignore line: [gmake[1]: Entering directory `/md3220i/home/supery/working/yang/sky/par/parmetis-4.0.3/build/Linux-x86_64/CMakeFiles/CMakeTmp']
  ignore line: [/usr/bin/gmake -f CMakeFiles/cmTryCompileExec3886822876.dir/build.make CMakeFiles/cmTryCompileExec3886822876.dir/build]
  ignore line: [gmake[2]: Entering directory `/md3220i/home/supery/working/yang/sky/par/parmetis-4.0.3/build/Linux-x86_64/CMakeFiles/CMakeTmp']
  ignore line: [/usr/bin/cmake -E cmake_progress_report /md3220i/home/supery/working/yang/sky/par/parmetis-4.0.3/build/Linux-x86_64/CMakeFiles/CMakeTmp/CMakeFiles 1]
  ignore line: [Building CXX object CMakeFiles/cmTryCompileExec3886822876.dir/CMakeCXXCompilerABI.cpp.o]
  ignore line: [/opt/mpich/bin/mpicxx     -o CMakeFiles/cmTryCompileExec3886822876.dir/CMakeCXXCompilerABI.cpp.o -c /usr/share/cmake/Modules/CMakeCXXCompilerABI.cpp]
  ignore line: [Linking CXX executable cmTryCompileExec3886822876]
  ignore line: [/usr/bin/cmake -E cmake_link_script CMakeFiles/cmTryCompileExec3886822876.dir/link.txt --verbose=1]
  ignore line: [/opt/mpich/bin/mpicxx      -v CMakeFiles/cmTryCompileExec3886822876.dir/CMakeCXXCompilerABI.cpp.o  -o cmTryCompileExec3886822876 -rdynamic  ]
  ignore line: [mpicxx for MPICH version 3.1.3]
  ignore line: [Version 12.0.5]
  ignore line: [/opt/intel/composerxe-2011.5.220/bin/intel64/mcpcom    -mP1OPT_version=12.0-intel64 -mGLOB_diag_file=CMakeFiles/cmTryCompileExec3886822876.dir/CMakeCXXCompilerABI.cpp.diag -mP1OPT_print_version=FALSE -mCG_use_gas_got_workaround=F -mP2OPT_align_option_used=TRUE -mGLOB_gcc_version=447 "-mGLOB_options_string=-I/opt/mpich-3.1.3-m-i/include -mcmodel=medium -static-intel -v -o cmTryCompileExec3886822876 -rdynamic -L/opt/mpich-3.1.3-m-i/lib -lmpicxx -Wl,-rpath -Wl,/opt/mpich-3.1.3-m-i/lib -Wl,--enable-new-dtags -lmpi" -mGLOB_cxx_limited_range=FALSE -mGLOB_as_output_backup_file_name=/tmp/icpcFFkakDas_.s -mSYMTAB_address_model=4 -mIPOPT_activate -mGLOB_machine_model=GLOB_MACHINE_MODEL_EFI2 -mGLOB_product_id_code=0x22001ef1 -mP3OPT_use_mspp_call_convention -mPGOPTI_value_profile_use=T -mP2OPT_il0_array_sections=TRUE -mP2OPT_hlo -mP2OPT_hpo_rtt_control=0 -mIPOPT_args_in_regs=0 -mGLOB_imf_mapping_library=/opt/intel/composerxe-2011.5.220/bin/intel64/libiml_attr.so -mIPOPT_link -mIPOPT_ipo_activate -mIPOPT_mo_activate -mIPOPT_source_files_list=/tmp/icpcwp76aXslis -mIPOPT_mo_global_data -mIPOPT_link_script_file=/tmp/icpc6UmlTvscript "-mIPOPT_link_version=2.20.51.0.2-5.42.el6 20100205" "-mIPOPT_cmdline_link="/usr/lib/gcc/x86_64-redhat-linux/4.4.7/../../../../lib64/crt1.o" "/usr/lib/gcc/x86_64-redhat-linux/4.4.7/../../../../lib64/crti.o" "/usr/lib/gcc/x86_64-redhat-linux/4.4.7/crtbegin.o" "-export-dynamic" "--eh-frame-hdr" "-dynamic-linker" "/lib64/ld-linux-x86-64.so.2" "-L/opt/mpich-3.1.3-m-i/lib" "-o" "cmTryCompileExec3886822876" "-L/opt/intel/composerxe-2011.5.220/compiler/lib/intel64" "-L/opt/intel/composerxe-2011.5.220/ipp/../compiler/lib/intel64" "-L/opt/intel/composerxe-2011.5.220/ipp/lib/intel64" "-L/opt/intel/composerxe-2011.5.220/compiler/lib/intel64" "-L/opt/intel/composerxe-2011.5.220/mkl/lib/intel64" "-L/opt/intel/composerxe-2011.5.220/tbb/lib/intel64//cc4.1.0_libc2.4_kernel2.6.16.21" "-L/opt/intel/Compiler/11.1/046/lib/intel64" "-L/opt/intel/Compiler/11.1/046/mkl/lib/em64t" "-L/opt/intel/composerxe-2011.5.220/compiler/lib/intel64" "-L/usr/lib/gcc/x86_64-redhat-linux/4.4.7" "-L/usr/lib/gcc/x86_64-redhat-linux/4.4.7/../../../../lib64" "-L/lib/../lib64" "-L/usr/lib/../lib64" "-L/opt/intel/composerxe-2011.5.220/compiler/lib/intel64" "-L/opt/intel/composerxe-2011.5.220/ipp/../compiler/lib/intel64" "-L/opt/intel/composerxe-2011.5.220/ipp/lib/intel64" "-L/opt/intel/composerxe-2011.5.220/mkl/lib/intel64" "-L/opt/intel/composerxe-2011.5.220/tbb/lib/intel64//cc4.1.0_libc2.4_kernel2.6.16.21" "-L/opt/intel/Compiler/11.1/046/lib/intel64" "-L/opt/intel/Compiler/11.1/046/mkl/lib/em64t" "-L/usr/lib/gcc/x86_64-redhat-linux/4.4.7/../../.." "-L/lib64" "-L/lib" "-L/usr/lib64" "-L/usr/lib" "CMakeFiles/cmTryCompileExec3886822876.dir/CMakeCXXCompilerABI.cpp.o" "-lmpicxx" "-rpath" "/opt/mpich-3.1.3-m-i/lib" "--enable-new-dtags" "-lmpi" "-Bstatic" "-limf" "-lsvml" "-Bdynamic" "-lm" "-Bstatic" "-lipgo" "-ldecimal" "-Bdynamic" "-lstdc++" "-lgcc_s" "-lgcc" "-Bstatic" "-lirc" "-Bdynamic" "-lc" "-lgcc_s" "-lgcc" "-Bstatic" "-lirc_s" "-Bdynamic" "-ldl" "-lc" "/usr/lib/gcc/x86_64-redhat-linux/4.4.7/crtend.o" "/usr/lib/gcc/x86_64-redhat-linux/4.4.7/../../../../lib64/crtn.o"" -mIPOPT_il_in_obj -mIPOPT_ipo_activate_warn=FALSE -mIPOPT_obj_output_file_name=/tmp/ipo_icpcXSHSTA.o "-mGLOB_linker_version=2.20.51.0.2-5.42.el6 20100205" -mGLOB_long_size_64 -mGLOB_routine_pointer_size_64 -mP3OPT_asm_target=P3OPT_ASM_TARGET_GAS -mGLOB_obj_output_file=/tmp/ipo_icpcXSHSTA.o -mP1OPT_source_file_name=ipo_out.c CMakeFiles/cmTryCompileExec3886822876.dir/CMakeCXXCompilerABI.cpp.o -mIPOPT_object_files=/tmp/icpc3cl4B9olis -mIPOPT_assembly_files=/tmp/icpc8IHgkIalis -mIPOPT_generated_tempfiles=/tmp/icpclYat2gelis -mIPOPT_embedded_object_base_name=/tmp/icpc7NhGKPeobj -mIPOPT_cmdline_link_new_name=/tmp/icpcv2vTsollis]
  link line: [ld    /usr/lib/gcc/x86_64-redhat-linux/4.4.7/../../../../lib64/crt1.o /usr/lib/gcc/x86_64-redhat-linux/4.4.7/../../../../lib64/crti.o /usr/lib/gcc/x86_64-redhat-linux/4.4.7/crtbegin.o -export-dynamic --eh-frame-hdr -dynamic-linker /lib64/ld-linux-x86-64.so.2 -L/opt/mpich-3.1.3-m-i/lib -o cmTryCompileExec3886822876 -L/opt/intel/composerxe-2011.5.220/compiler/lib/intel64 -L/opt/intel/composerxe-2011.5.220/ipp/../compiler/lib/intel64 -L/opt/intel/composerxe-2011.5.220/ipp/lib/intel64 -L/opt/intel/composerxe-2011.5.220/compiler/lib/intel64 -L/opt/intel/composerxe-2011.5.220/mkl/lib/intel64 -L/opt/intel/composerxe-2011.5.220/tbb/lib/intel64//cc4.1.0_libc2.4_kernel2.6.16.21 -L/opt/intel/Compiler/11.1/046/lib/intel64 -L/opt/intel/Compiler/11.1/046/mkl/lib/em64t -L/opt/intel/composerxe-2011.5.220/compiler/lib/intel64 -L/usr/lib/gcc/x86_64-redhat-linux/4.4.7 -L/usr/lib/gcc/x86_64-redhat-linux/4.4.7/../../../../lib64 -L/lib/../lib64 -L/usr/lib/../lib64 -L/opt/intel/composerxe-2011.5.220/compiler/lib/intel64 -L/opt/intel/composerxe-2011.5.220/ipp/../compiler/lib/intel64 -L/opt/intel/composerxe-2011.5.220/ipp/lib/intel64 -L/opt/intel/composerxe-2011.5.220/mkl/lib/intel64 -L/opt/intel/composerxe-2011.5.220/tbb/lib/intel64//cc4.1.0_libc2.4_kernel2.6.16.21 -L/opt/intel/Compiler/11.1/046/lib/intel64 -L/opt/intel/Compiler/11.1/046/mkl/lib/em64t -L/usr/lib/gcc/x86_64-redhat-linux/4.4.7/../../.. -L/lib64 -L/lib -L/usr/lib64 -L/usr/lib CMakeFiles/cmTryCompileExec3886822876.dir/CMakeCXXCompilerABI.cpp.o -lmpicxx -rpath /opt/mpich-3.1.3-m-i/lib --enable-new-dtags -lmpi -Bstatic -limf -lsvml -Bdynamic -lm -Bstatic -lipgo -ldecimal -Bdynamic -lstdc++ -lgcc_s -lgcc -Bstatic -lirc -Bdynamic -lc -lgcc_s -lgcc -Bstatic -lirc_s -Bdynamic -ldl -lc /usr/lib/gcc/x86_64-redhat-linux/4.4.7/crtend.o /usr/lib/gcc/x86_64-redhat-linux/4.4.7/../../../../lib64/crtn.o]
    arg [ld] ==> ignore
    arg [/usr/lib/gcc/x86_64-redhat-linux/4.4.7/../../../../lib64/crt1.o] ==> ignore
    arg [/usr/lib/gcc/x86_64-redhat-linux/4.4.7/../../../../lib64/crti.o] ==> ignore
    arg [/usr/lib/gcc/x86_64-redhat-linux/4.4.7/crtbegin.o] ==> ignore
    arg [-export-dynamic] ==> ignore
    arg [--eh-frame-hdr] ==> ignore
    arg [-dynamic-linker] ==> ignore
    arg [/lib64/ld-linux-x86-64.so.2] ==> ignore
    arg [-L/opt/mpich-3.1.3-m-i/lib] ==> dir [/opt/mpich-3.1.3-m-i/lib]
    arg [-o] ==> ignore
    arg [cmTryCompileExec3886822876] ==> ignore
    arg [-L/opt/intel/composerxe-2011.5.220/compiler/lib/intel64] ==> dir [/opt/intel/composerxe-2011.5.220/compiler/lib/intel64]
    arg [-L/opt/intel/composerxe-2011.5.220/ipp/../compiler/lib/intel64] ==> dir [/opt/intel/composerxe-2011.5.220/ipp/../compiler/lib/intel64]
    arg [-L/opt/intel/composerxe-2011.5.220/ipp/lib/intel64] ==> dir [/opt/intel/composerxe-2011.5.220/ipp/lib/intel64]
    arg [-L/opt/intel/composerxe-2011.5.220/compiler/lib/intel64] ==> dir [/opt/intel/composerxe-2011.5.220/compiler/lib/intel64]
    arg [-L/opt/intel/composerxe-2011.5.220/mkl/lib/intel64] ==> dir [/opt/intel/composerxe-2011.5.220/mkl/lib/intel64]
    arg [-L/opt/intel/composerxe-2011.5.220/tbb/lib/intel64//cc4.1.0_libc2.4_kernel2.6.16.21] ==> dir [/opt/intel/composerxe-2011.5.220/tbb/lib/intel64//cc4.1.0_libc2.4_kernel2.6.16.21]
    arg [-L/opt/intel/Compiler/11.1/046/lib/intel64] ==> dir [/opt/intel/Compiler/11.1/046/lib/intel64]
    arg [-L/opt/intel/Compiler/11.1/046/mkl/lib/em64t] ==> dir [/opt/intel/Compiler/11.1/046/mkl/lib/em64t]
    arg [-L/opt/intel/composerxe-2011.5.220/compiler/lib/intel64] ==> dir [/opt/intel/composerxe-2011.5.220/compiler/lib/intel64]
    arg [-L/usr/lib/gcc/x86_64-redhat-linux/4.4.7] ==> dir [/usr/lib/gcc/x86_64-redhat-linux/4.4.7]
    arg [-L/usr/lib/gcc/x86_64-redhat-linux/4.4.7/../../../../lib64] ==> dir [/usr/lib/gcc/x86_64-redhat-linux/4.4.7/../../../../lib64]
    arg [-L/lib/../lib64] ==> dir [/lib/../lib64]
    arg [-L/usr/lib/../lib64] ==> dir [/usr/lib/../lib64]
    arg [-L/opt/intel/composerxe-2011.5.220/compiler/lib/intel64] ==> dir [/opt/intel/composerxe-2011.5.220/compiler/lib/intel64]
    arg [-L/opt/intel/composerxe-2011.5.220/ipp/../compiler/lib/intel64] ==> dir [/opt/intel/composerxe-2011.5.220/ipp/../compiler/lib/intel64]
    arg [-L/opt/intel/composerxe-2011.5.220/ipp/lib/intel64] ==> dir [/opt/intel/composerxe-2011.5.220/ipp/lib/intel64]
    arg [-L/opt/intel/composerxe-2011.5.220/mkl/lib/intel64] ==> dir [/opt/intel/composerxe-2011.5.220/mkl/lib/intel64]
    arg [-L/opt/intel/composerxe-2011.5.220/tbb/lib/intel64//cc4.1.0_libc2.4_kernel2.6.16.21] ==> dir [/opt/intel/composerxe-2011.5.220/tbb/lib/intel64//cc4.1.0_libc2.4_kernel2.6.16.21]
    arg [-L/opt/intel/Compiler/11.1/046/lib/intel64] ==> dir [/opt/intel/Compiler/11.1/046/lib/intel64]
    arg [-L/opt/intel/Compiler/11.1/046/mkl/lib/em64t] ==> dir [/opt/intel/Compiler/11.1/046/mkl/lib/em64t]
    arg [-L/usr/lib/gcc/x86_64-redhat-linux/4.4.7/../../..] ==> dir [/usr/lib/gcc/x86_64-redhat-linux/4.4.7/../../..]
    arg [-L/lib64] ==> dir [/lib64]
    arg [-L/lib] ==> dir [/lib]
    arg [-L/usr/lib64] ==> dir [/usr/lib64]
    arg [-L/usr/lib] ==> dir [/usr/lib]
    arg [CMakeFiles/cmTryCompileExec3886822876.dir/CMakeCXXCompilerABI.cpp.o] ==> ignore
    arg [-lmpicxx] ==> lib [mpicxx]
    arg [-rpath] ==> ignore
    arg [/opt/mpich-3.1.3-m-i/lib] ==> ignore
    arg [--enable-new-dtags] ==> ignore
    arg [-lmpi] ==> lib [mpi]
    arg [-Bstatic] ==> ignore
    arg [-limf] ==> lib [imf]
    arg [-lsvml] ==> lib [svml]
    arg [-Bdynamic] ==> ignore
    arg [-lm] ==> lib [m]
    arg [-Bstatic] ==> ignore
    arg [-lipgo] ==> lib [ipgo]
    arg [-ldecimal] ==> lib [decimal]
    arg [-Bdynamic] ==> ignore
    arg [-lstdc++] ==> lib [stdc++]
    arg [-lgcc_s] ==> lib [gcc_s]
    arg [-lgcc] ==> lib [gcc]
    arg [-Bstatic] ==> ignore
    arg [-lirc] ==> lib [irc]
    arg [-Bdynamic] ==> ignore
    arg [-lc] ==> lib [c]
    arg [-lgcc_s] ==> lib [gcc_s]
    arg [-lgcc] ==> lib [gcc]
    arg [-Bstatic] ==> ignore
    arg [-lirc_s] ==> lib [irc_s]
    arg [-Bdynamic] ==> ignore
    arg [-ldl] ==> lib [dl]
    arg [-lc] ==> lib [c]
    arg [/usr/lib/gcc/x86_64-redhat-linux/4.4.7/crtend.o] ==> ignore
    arg [/usr/lib/gcc/x86_64-redhat-linux/4.4.7/../../../../lib64/crtn.o] ==> ignore
  remove lib [gcc_s]
  remove lib [gcc]
  remove lib [gcc_s]
  remove lib [gcc]
  collapse library dir [/opt/mpich-3.1.3-m-i/lib] ==> [/opt/mpich-3.1.3-m-i/lib]
  collapse library dir [/opt/intel/composerxe-2011.5.220/compiler/lib/intel64] ==> [/opt/intel/composerxe-2011.5.220/compiler/lib/intel64]
  collapse library dir [/opt/intel/composerxe-2011.5.220/ipp/../compiler/lib/intel64] ==> [/opt/intel/composerxe-2011.5.220/compiler/lib/intel64]
  collapse library dir [/opt/intel/composerxe-2011.5.220/ipp/lib/intel64] ==> [/opt/intel/composerxe-2011.5.220/ipp/lib/intel64]
  collapse library dir [/opt/intel/composerxe-2011.5.220/compiler/lib/intel64] ==> [/opt/intel/composerxe-2011.5.220/compiler/lib/intel64]
  collapse library dir [/opt/intel/composerxe-2011.5.220/mkl/lib/intel64] ==> [/opt/intel/composerxe-2011.5.220/mkl/lib/intel64]
  collapse library dir [/opt/intel/composerxe-2011.5.220/tbb/lib/intel64//cc4.1.0_libc2.4_kernel2.6.16.21] ==> [/opt/intel/composerxe-2011.5.220/tbb/lib/intel64/cc4.1.0_libc2.4_kernel2.6.16.21]
  collapse library dir [/opt/intel/Compiler/11.1/046/lib/intel64] ==> [/opt/intel/Compiler/11.1/046/lib/intel64]
  collapse library dir [/opt/intel/Compiler/11.1/046/mkl/lib/em64t] ==> [/opt/intel/Compiler/11.1/046/mkl/lib/em64t]
  collapse library dir [/opt/intel/composerxe-2011.5.220/compiler/lib/intel64] ==> [/opt/intel/composerxe-2011.5.220/compiler/lib/intel64]
  collapse library dir [/usr/lib/gcc/x86_64-redhat-linux/4.4.7] ==> [/usr/lib/gcc/x86_64-redhat-linux/4.4.7]
  collapse library dir [/usr/lib/gcc/x86_64-redhat-linux/4.4.7/../../../../lib64] ==> [/usr/lib64]
  collapse library dir [/lib/../lib64] ==> [/lib64]
  collapse library dir [/usr/lib/../lib64] ==> [/usr/lib64]
  collapse library dir [/opt/intel/composerxe-2011.5.220/compiler/lib/intel64] ==> [/opt/intel/composerxe-2011.5.220/compiler/lib/intel64]
  collapse library dir [/opt/intel/composerxe-2011.5.220/ipp/../compiler/lib/intel64] ==> [/opt/intel/composerxe-2011.5.220/compiler/lib/intel64]
  collapse library dir [/opt/intel/composerxe-2011.5.220/ipp/lib/intel64] ==> [/opt/intel/composerxe-2011.5.220/ipp/lib/intel64]
  collapse library dir [/opt/intel/composerxe-2011.5.220/mkl/lib/intel64] ==> [/opt/intel/composerxe-2011.5.220/mkl/lib/intel64]
  collapse library dir [/opt/intel/composerxe-2011.5.220/tbb/lib/intel64//cc4.1.0_libc2.4_kernel2.6.16.21] ==> [/opt/intel/composerxe-2011.5.220/tbb/lib/intel64/cc4.1.0_libc2.4_kernel2.6.16.21]
  collapse library dir [/opt/intel/Compiler/11.1/046/lib/intel64] ==> [/opt/intel/Compiler/11.1/046/lib/intel64]
  collapse library dir [/opt/intel/Compiler/11.1/046/mkl/lib/em64t] ==> [/opt/intel/Compiler/11.1/046/mkl/lib/em64t]
  collapse library dir [/usr/lib/gcc/x86_64-redhat-linux/4.4.7/../../..] ==> [/usr/lib]
  collapse library dir [/lib64] ==> [/lib64]
  collapse library dir [/lib] ==> [/lib]
  collapse library dir [/usr/lib64] ==> [/usr/lib64]
  collapse library dir [/usr/lib] ==> [/usr/lib]
  implicit libs: [mpicxx;mpi;imf;svml;m;ipgo;decimal;stdc++;irc;c;irc_s;dl;c]
  implicit dirs: [/opt/mpich-3.1.3-m-i/lib;/opt/intel/composerxe-2011.5.220/compiler/lib/intel64;/opt/intel/composerxe-2011.5.220/ipp/lib/intel64;/opt/intel/composerxe-2011.5.220/mkl/lib/intel64;/opt/intel/composerxe-2011.5.220/tbb/lib/intel64/cc4.1.0_libc2.4_kernel2.6.16.21;/opt/intel/Compiler/11.1/046/lib/intel64;/opt/intel/Compiler/11.1/046/mkl/lib/em64t;/usr/lib/gcc/x86_64-redhat-linux/4.4.7;/usr/lib64;/lib64;/usr/lib;/lib]
  implicit fwks: []


Determining if the include file execinfo.h exists passed with the following output:
Change Dir: /md3220i/home/supery/working/yang/sky/par/parmetis-4.0.3/build/Linux-x86_64/CMakeFiles/CMakeTmp

Run Build Command:/usr/bin/gmake "cmTryCompileExec475272997/fast"
gmake[1]: Entering directory `/md3220i/home/supery/working/yang/sky/par/parmetis-4.0.3/build/Linux-x86_64/CMakeFiles/CMakeTmp'
/usr/bin/gmake -f CMakeFiles/cmTryCompileExec475272997.dir/build.make CMakeFiles/cmTryCompileExec475272997.dir/build
gmake[2]: Entering directory `/md3220i/home/supery/working/yang/sky/par/parmetis-4.0.3/build/Linux-x86_64/CMakeFiles/CMakeTmp'
/usr/bin/cmake -E cmake_progress_report /md3220i/home/supery/working/yang/sky/par/parmetis-4.0.3/build/Linux-x86_64/CMakeFiles/CMakeTmp/CMakeFiles 1
Building C object CMakeFiles/cmTryCompileExec475272997.dir/CheckIncludeFile.c.o
/opt/mpich/bin/mpicc    -o CMakeFiles/cmTryCompileExec475272997.dir/CheckIncludeFile.c.o   -c /md3220i/home/supery/working/yang/sky/par/parmetis-4.0.3/build/Linux-x86_64/CMakeFiles/CMakeTmp/CheckIncludeFile.c
Linking C executable cmTryCompileExec475272997
/usr/bin/cmake -E cmake_link_script CMakeFiles/cmTryCompileExec475272997.dir/link.txt --verbose=1
/opt/mpich/bin/mpicc       CMakeFiles/cmTryCompileExec475272997.dir/CheckIncludeFile.c.o  -o cmTryCompileExec475272997 -rdynamic 
gmake[2]: Leaving directory `/md3220i/home/supery/working/yang/sky/par/parmetis-4.0.3/build/Linux-x86_64/CMakeFiles/CMakeTmp'
gmake[1]: Leaving directory `/md3220i/home/supery/working/yang/sky/par/parmetis-4.0.3/build/Linux-x86_64/CMakeFiles/CMakeTmp'


Determining if the function getline exists passed with the following output:
Change Dir: /md3220i/home/supery/working/yang/sky/par/parmetis-4.0.3/build/Linux-x86_64/CMakeFiles/CMakeTmp

Run Build Command:/usr/bin/gmake "cmTryCompileExec905170617/fast"
gmake[1]: Entering directory `/md3220i/home/supery/working/yang/sky/par/parmetis-4.0.3/build/Linux-x86_64/CMakeFiles/CMakeTmp'
/usr/bin/gmake -f CMakeFiles/cmTryCompileExec905170617.dir/build.make CMakeFiles/cmTryCompileExec905170617.dir/build
gmake[2]: Entering directory `/md3220i/home/supery/working/yang/sky/par/parmetis-4.0.3/build/Linux-x86_64/CMakeFiles/CMakeTmp'
/usr/bin/cmake -E cmake_progress_report /md3220i/home/supery/working/yang/sky/par/parmetis-4.0.3/build/Linux-x86_64/CMakeFiles/CMakeTmp/CMakeFiles 1
Building C object CMakeFiles/cmTryCompileExec905170617.dir/CheckFunctionExists.c.o
/opt/mpich/bin/mpicc   -DCHECK_FUNCTION_EXISTS=getline   -o CMakeFiles/cmTryCompileExec905170617.dir/CheckFunctionExists.c.o   -c /usr/share/cmake/Modules/CheckFunctionExists.c
Linking C executable cmTryCompileExec905170617
/usr/bin/cmake -E cmake_link_script CMakeFiles/cmTryCompileExec905170617.dir/link.txt --verbose=1
/opt/mpich/bin/mpicc   -DCHECK_FUNCTION_EXISTS=getline    CMakeFiles/cmTryCompileExec905170617.dir/CheckFunctionExists.c.o  -o cmTryCompileExec905170617 -rdynamic 
gmake[2]: Leaving directory `/md3220i/home/supery/working/yang/sky/par/parmetis-4.0.3/build/Linux-x86_64/CMakeFiles/CMakeTmp'
gmake[1]: Leaving directory `/md3220i/home/supery/working/yang/sky/par/parmetis-4.0.3/build/Linux-x86_64/CMakeFiles/CMakeTmp'


